Booth 1
TANVIR from line 6 checks out at time 82.
ARUP from line 6 checks out at time 152.
TRAVIS from line 6 checks out at time 382.
GUSTAVO from line 6 checks out at time 687.
DANIEL from line 3 checks out at time 817.
ANEESHA from line 3 checks out at time 1197.
GUHA from line 6 checks out at time 1427.
SHARON from line 5 checks out at time 5055.

Booth 2
XIE from line 10 checks out at time 345.
JOSE from line 9 checks out at time 475.
VENU from line 8 checks out at time 625.
ANSH from line 8 checks out at time 685.
NELLY from line 9 checks out at time 765.

Booth 3
LILY from line 11 checks out at time 65.
MEADE from line 12 checks out at time 395.
MASON from line 12 checks out at time 485.
LEAVENS from line 11 checks out at time 9040.

