ejiapvyfpy 5 99965

Performance 1 

Performance 2 
kiagpayqla 5 99925

Performance 4 

Performance 6 
jerhjujuuj 11 99892

Performance 9 

Performance 12 
zqbcgxqnvg 13 99791

Performance 16 

Performance 20 
etviyribqi 24 99597

Performance 25 

Performance 30 
sqafrusioc 10 99570

Performance 36 

Performance 42 
wmrdfjyiuz 13 99508

Performance 49 

Performance 56 
rkirgnmcde 5 99477

Performance 64 

Performance 72 
zybuddgzhz 22 99272

Performance 81 

Performance 90 
hdzjcmhqbi 11 99199

Performance 100 

Performance 110 
wopvlgeysp 13 99132

Performance 121 

Performance 132 
fafopuvyak 17 99076

Performance 144 

Performance 156 
lwikrjcsve 23 98922

Performance 169 

Performance 182 
bltudgpqij 24 98691

Performance 196 

Performance 210 
cmhtalyalr 30 98621

Performance 225 

Performance 240 
ousjsdkndz 15 98592

Performance 256 

Performance 272 
zajhvtekzp 21 98525

Performance 289 

Performance 306 
chjrmdjdwp 24 98442

Performance 324 

Performance 342 
klyeuenetn 12 98417

Performance 361 

Performance 380 
aewwlhmigp 9 98402

Performance 400 

Performance 420 
popcorn 19 98228

Performance 441 

Performance 462 
jaiqfvnnxr 6 98186

Performance 463 

Performance 464 
yuyjujjota 14 98065

Performance 466 

Performance 468 
ltfubnusrr 22 97888

Performance 471 

Performance 474 
iozhaguzho 13 97850

Performance 478 

Performance 482 
sujjawgpgm 26 97780

Performance 487 

Performance 492 
qeddnqnrjs 15 97660

Performance 498 

Performance 504 
cywmsgvtwx 9 97609

Performance 511 

Performance 518 
xppwjiadde 14 97481

Performance 526 

Performance 534 
nbppwznusm 23 97400

Performance 543 

Performance 552 
zzqwvydbyb 5 97372

Performance 562 

Performance 572 
wvhzvcljyb 7 97303

Performance 583 

Performance 594 
tkdomrtqvn 23 97205

Performance 606 

Performance 618 
ldyoevwssp 12 97127

Performance 631 

Performance 644 
jqricoquld 6 97098

Performance 658 

Performance 672 
cysycjgwbr 26 97002

Performance 687 

Performance 702 
axctcafsel 12 96894

Performance 718 

Performance 734 
nuuukoanss 15 96803

Performance 751 

Performance 768 
xneypdsrnk 13 96733

Performance 786 

Performance 804 
hjplmrsknf 9 96653

Performance 823 

Performance 842 
nvzfrjqreh 12 96566

Performance 862 

Performance 882 
soda 21 96392

Performance 903 

Performance 924 

Performance 939 
nuuukoanss 23 96355

Performance 956 
iozhaguzho 16 96338

Performance 960 
jaiqfvnnxr 17 96326

Performance 961 

Performance 970 
nbppwznusm 38 96216

Performance 979 
bltudgpqij 30 96158

Performance 993 
nvzfrjqreh 24 96125

Performance 1013 

Performance 1027 

Performance 1046 
xppwjiadde 21 96067

Performance 1054 
chjrmdjdwp 9 96277

Performance 1072 
hjplmrsknf 2 96368

Performance 1091 

Performance 1101 
iozhaguzho 22 96318

Performance 1105 
cywmsgvtwx 14 96274

Performance 1112 
ejiapvyfpy 23 96161

Performance 1113 
axctcafsel 4 96289

Performance 1129 
yuyjujjota 28 96163

Performance 1131 
xppwjiadde 0 96205

Performance 1139 
iozhaguzho 14 96237

Performance 1143 

Performance 1156 

Performance 1160 
zqbcgxqnvg 7 96333

Performance 1164 

Performance 1176 
wmrdfjyiuz 12 96341

Performance 1183 
rkirgnmcde 3 96359

Performance 1191 
etviyribqi 8 96519

Performance 1196 

Performance 1208 
ldyoevwssp 17 96492

Performance 1221 
ousjsdkndz 25 96396

Performance 1237 

Performance 1253 
aewwlhmigp 8 96402

Performance 1273 
popcorn 31 96363

Performance 1294 
hjplmrsknf 4 96351

Performance 1313 

Performance 1329 
ldyoevwssp 20 96333

Performance 1342 
wmrdfjyiuz 0 96429

Performance 1349 
yuyjujjota 38 96399

Performance 1351 
qeddnqnrjs 0 96669

Performance 1357 
popcorn 6 97094

Performance 1378 
zqbcgxqnvg 8 97092

Performance 1382 
aewwlhmigp 26 96999

Performance 1402 
kiagpayqla 11 96946

Performance 1404 
hjplmrsknf 12 96890

Performance 1423 

Performance 1435 
kiagpayqla 1 97050

Performance 1437 

Performance 1444 
nbppwznusm 41 97037

Performance 1453 
fafopuvyak 22 96997

Performance 1465 
chjrmdjdwp 23 96871

Performance 1483 
jaiqfvnnxr 10 96920

Performance 1484 
bltudgpqij 17 97063

Performance 1498 
nbppwznusm 57 96934

Performance 1507 
wvhzvcljyb 20 96873

Performance 1518 

Performance 1528 
etviyribqi 25 96811

Performance 1533 

Performance 1547 
nvzfrjqreh 15 96928

Performance 1567 

Performance 1568 
ldyoevwssp 2 97198

Performance 1581 
ldyoevwssp 15 97113

Performance 1594 
sujjawgpgm 37 97050

Performance 1599 
nbppwznusm 60 97028

Performance 1608 
nuuukoanss 40 97005

Performance 1625 
iozhaguzho 11 97047

Performance 1629 
cywmsgvtwx 25 96953

Performance 1636 
ejiapvyfpy 2 97163

Performance 1637 
zybuddgzhz 7 97328

Performance 1646 
zzqwvydbyb 7 97317

Performance 1656 
nvzfrjqreh 26 97299

Performance 1676 
ejiapvyfpy 0 97319

Performance 1677 

Performance 1690 
wvhzvcljyb 1 97509

Performance 1701 

Performance 1710 
jaiqfvnnxr 7 97530

Performance 1711 

Performance 1723 

Performance 1729 
klyeuenetn 27 97452

Performance 1748 
sqafrusioc 5 97547

Performance 1754 
ousjsdkndz 43 97516

Performance 1770 
popcorn 0 97618

Performance 1791 
sqafrusioc 0 97713

Performance 1797 
nuuukoanss 37 97725

Performance 1814 
popcorn 0 97725

Performance 1835 
cmhtalyalr 33 97704

Performance 1850 

Performance 1862 
cmhtalyalr 49 97644

Performance 1877 

Performance 1894 

Performance 1901 
ldyoevwssp 0 97869

Performance 1914 
xneypdsrnk 30 97815

Performance 1932 
xppwjiadde 13 97791

Performance 1940 

Performance 1945 
jaiqfvnnxr 0 97840

Performance 1946 
yuyjujjota 31 97917

Performance 1948 

Performance 1959 
wmrdfjyiuz 13 97904

Performance 1966 
zybuddgzhz 6 97916

Performance 1975 
cmhtalyalr 3 98790

Performance 1990 
etviyribqi 26 98787

Performance 1995 

Performance 1996 

Performance 2017 
zzqwvydbyb 8 98777

Performance 2027 
sqafrusioc 0 98777

Performance 2033 
axctcafsel 10 98750

Performance 2049 
yuyjujjota 17 98904

Performance 2051 
zzqwvydbyb 5 98955

Performance 2061 

Performance 2067 
cywmsgvtwx 20 98975

Performance 2074 
zzqwvydbyb 4 98992

Performance 2084 
sqafrusioc 4 98987

Performance 2090 
lwikrjcsve 12 99207

Performance 2103 

Performance 2105 

Performance 2107 
nuuukoanss 8 99323

Performance 2124 
99323
2124
